[2026-06-06 00:04:44] local.ERROR: No application encryption key has been specified. {"exception":"[object] (Illuminate\\Encryption\\MissingAppKeyException(code: 0): No application encryption key has been specified. at D:/PROJECT/SKRIPSI ORANG/vitra-skripsi-laravel-fixed/vendor/laravel/framework/src/Illuminate/Encryption/EncryptionServiceProvider.php:83)
[stacktrace]
#0 D:/PROJECT/SKRIPSI ORANG/vitra-skripsi-laravel-fixed/vendor/laravel/framework/src/Illuminate/Support/helpers.php(393): Illuminate/Encryption/EncryptionServiceProvider->Illuminate/Encryption/{closure}('')
#1 D:/PROJECT/SKRIPSI ORANG/vitra-skripsi-laravel-fixed/vendor/laravel/framework/src/Illuminate/Encryption/EncryptionServiceProvider.php(81): tap('', Object(Closure))
#2 D:/PROJECT/SKRIPSI ORANG/vitra-skripsi-laravel-fixed/vendor/laravel/framework/src/Illuminate/Encryption/EncryptionServiceProvider.php(64): Illuminate/Encryption/EncryptionServiceProvider->key(Array)
#3 D:/PROJECT/SKRIPSI ORANG/vitra-skripsi-laravel-fixed/vendor/laravel/framework/src/Illuminate/Encryption/EncryptionServiceProvider.php(32): Illuminate/Encryption/EncryptionServiceProvider->parseKey(Array)
#4 D:/PROJECT/SKRIPSI ORANG/vitra-skripsi-laravel-fixed/vendor/laravel/framework/src/Illuminate/Container/Container.php(1115): Illuminate/Encryption/EncryptionServiceProvider->Illuminate/Encryption/{closure}(Object(Illuminate/Foundation/Application), Array)
#5 D:/PROJECT/SKRIPSI ORANG/vitra-skripsi-laravel-fixed/vendor/laravel/framework/src/Illuminate/Container/Container.php(933): Illuminate/Container/Container->build(Object(Closure))
#6 D:/PROJECT/SKRIPSI ORANG/vitra-skripsi-laravel-fixed/vendor/laravel/framework/src/Illuminate/Foundation/Application.php(1078): Illuminate/Container/Container->resolve('encrypter', Array, true)
#7 D:/PROJECT/SKRIPSI ORANG/vitra-skripsi-laravel-fixed/vendor/laravel/framework/src/Illuminate/Container/Container.php(864): Illuminate/Foundation/Application->resolve('encrypter', Array)
#8 D:/PROJECT/SKRIPSI ORANG/vitra-skripsi-laravel-fixed/vendor/laravel/framework/src/Illuminate/Foundation/Application.php(1058): Illuminate/Container/Container->make('encrypter', Array)
#9 D:/PROJECT/SKRIPSI ORANG/vitra-skripsi-laravel-fixed/vendor/laravel/framework/src/Illuminate/Container/Container.php(1336): Illuminate/Foundation/Application->make('encrypter')
#10 D:/PROJECT/SKRIPSI ORANG/vitra-skripsi-laravel-fixed/vendor/laravel/framework/src/Illuminate/Container/Container.php(1237): Illuminate/Container/Container->resolveClass(Object(ReflectionParameter), 'Illuminate//Cont...')
#11 D:/PROJECT/SKRIPSI ORANG/vitra-skripsi-laravel-fixed/vendor/laravel/framework/src/Illuminate/Container/Container.php(1162): Illuminate/Container/Container->resolveDependencies(Array)
#12 D:/PROJECT/SKRIPSI ORANG/vitra-skripsi-laravel-fixed/vendor/laravel/framework/src/Illuminate/Container/Container.php(933): Illuminate/Container/Container->build('Illuminate//Cook...')
#13 D:/PROJECT/SKRIPSI ORANG/vitra-skripsi-laravel-fixed/vendor/laravel/framework/src/Illuminate/Foundation/Application.php(1078): Illuminate/Container/Container->resolve('Illuminate//Cook...', Array, true)
#14 D:/PROJECT/SKRIPSI ORANG/vitra-skripsi-laravel-fixed/vendor/laravel/framework/src/Illuminate/Container/Container.php(864): Illuminate/Foundation/Application->resolve('Illuminate//Cook...', Array)
#15 D:/PROJECT/SKRIPSI ORANG/vitra-skripsi-laravel-fixed/vendor/laravel/framework/src/Illuminate/Foundation/Application.php(1058): Illuminate/Container/Container->make('Illuminate//Cook...', Array)
#16 D:/PROJECT/SKRIPSI ORANG/vitra-skripsi-laravel-fixed/vendor/laravel/framework/src/Illuminate/Pipeline/Pipeline.php(208): Illuminate/Foundation/Application->make('Illuminate//Cook...')
#17 D:/PROJECT/SKRIPSI ORANG/vitra-skripsi-laravel-fixed/vendor/laravel/framework/src/Illuminate/Pipeline/Pipeline.php(137): Illuminate/Pipeline/Pipeline->Illuminate/Pipeline/{closure}(Object(Illuminate/Http/Request))
#18 D:/PROJECT/SKRIPSI ORANG/vitra-skripsi-laravel-fixed/vendor/laravel/framework/src/Illuminate/Routing/Router.php(821): Illuminate/Pipeline/Pipeline->then(Object(Closure))
#19 D:/PROJECT/SKRIPSI ORANG/vitra-skripsi-laravel-fixed/vendor/laravel/framework/src/Illuminate/Routing/Router.php(800): Illuminate/Routing/Router->runRouteWithinStack(Object(Illuminate/Routing/Route), Object(Illuminate/Http/Request))
#20 D:/PROJECT/SKRIPSI ORANG/vitra-skripsi-laravel-fixed/vendor/laravel/framework/src/Illuminate/Routing/Router.php(764): Illuminate/Routing/Router->runRoute(Object(Illuminate/Http/Request), Object(Illuminate/Routing/Route))
#21 D:/PROJECT/SKRIPSI ORANG/vitra-skripsi-laravel-fixed/vendor/laravel/framework/src/Illuminate/Routing/Router.php(753): Illuminate/Routing/Router->dispatchToRoute(Object(Illuminate/Http/Request))
#22 D:/PROJECT/SKRIPSI ORANG/vitra-skripsi-laravel-fixed/vendor/laravel/framework/src/Illuminate/Foundation/Http/Kernel.php(200): Illuminate/Routing/Router->dispatch(Object(Illuminate/Http/Request))
#23 D:/PROJECT/SKRIPSI ORANG/vitra-skripsi-laravel-fixed/vendor/laravel/framework/src/Illuminate/Pipeline/Pipeline.php(180): Illuminate/Foundation/Http/Kernel->Illuminate/Foundation/Http/{closure}(Object(Illuminate/Http/Request))
#24 D:/PROJECT/SKRIPSI ORANG/vitra-skripsi-laravel-fixed/vendor/laravel/framework/src/Illuminate/Foundation/Http/Middleware/TransformsRequest.php(21): Illuminate/Pipeline/Pipeline->Illuminate/Pipeline/{closure}(Object(Illuminate/Http/Request))
#25 D:/PROJECT/SKRIPSI ORANG/vitra-skripsi-laravel-fixed/vendor/laravel/framework/src/Illuminate/Foundation/Http/Middleware/ConvertEmptyStringsToNull.php(31): Illuminate/Foundation/Http/Middleware/TransformsRequest->handle(Object(Illuminate/Http/Request), Object(Closure))
#26 D:/PROJECT/SKRIPSI ORANG/vitra-skripsi-laravel-fixed/vendor/laravel/framework/src/Illuminate/Pipeline/Pipeline.php(219): Illuminate/Foundation/Http/Middleware/ConvertEmptyStringsToNull->handle(Object(Illuminate/Http/Request), Object(Closure))
#27 D:/PROJECT/SKRIPSI ORANG/vitra-skripsi-laravel-fixed/vendor/laravel/framework/src/Illuminate/Foundation/Http/Middleware/TransformsRequest.php(21): Illuminate/Pipeline/Pipeline->Illuminate/Pipeline/{closure}(Object(Illuminate/Http/Request))
#28 D:/PROJECT/SKRIPSI ORANG/vitra-skripsi-laravel-fixed/vendor/laravel/framework/src/Illuminate/Foundation/Http/Middleware/TrimStrings.php(51): Illuminate/Foundation/Http/Middleware/TransformsRequest->handle(Object(Illuminate/Http/Request), Object(Closure))
#29 D:/PROJECT/SKRIPSI ORANG/vitra-skripsi-laravel-fixed/vendor/laravel/framework/src/Illuminate/Pipeline/Pipeline.php(219): Illuminate/Foundation/Http/Middleware/TrimStrings->handle(Object(Illuminate/Http/Request), Object(Closure))
#30 D:/PROJECT/SKRIPSI ORANG/vitra-skripsi-laravel-fixed/vendor/laravel/framework/src/Illuminate/Http/Middleware/ValidatePostSize.php(27): Illuminate/Pipeline/Pipeline->Illuminate/Pipeline/{closure}(Object(Illuminate/Http/Request))
#31 D:/PROJECT/SKRIPSI ORANG/vitra-skripsi-laravel-fixed/vendor/laravel/framework/src/Illuminate/Pipeline/Pipeline.php(219): Illuminate/Http/Middleware/ValidatePostSize->handle(Object(Illuminate/Http/Request), Object(Closure))
#32 D:/PROJECT/SKRIPSI ORANG/vitra-skripsi-laravel-fixed/vendor/laravel/framework/src/Illuminate/Foundation/Http/Middleware/PreventRequestsDuringMaintenance.php(109): Illuminate/Pipeline/Pipeline->Illuminate/Pipeline/{closure}(Object(Illuminate/Http/Request))
#33 D:/PROJECT/SKRIPSI ORANG/vitra-skripsi-laravel-fixed/vendor/laravel/framework/src/Illuminate/Pipeline/Pipeline.php(219): Illuminate/Foundation/Http/Middleware/PreventRequestsDuringMaintenance->handle(Object(Illuminate/Http/Request), Object(Closure))
#34 D:/PROJECT/SKRIPSI ORANG/vitra-skripsi-laravel-fixed/vendor/laravel/framework/src/Illuminate/Http/Middleware/HandleCors.php(61): Illuminate/Pipeline/Pipeline->Illuminate/Pipeline/{closure}(Object(Illuminate/Http/Request))
#35 D:/PROJECT/SKRIPSI ORANG/vitra-skripsi-laravel-fixed/vendor/laravel/framework/src/Illuminate/Pipeline/Pipeline.php(219): Illuminate/Http/Middleware/HandleCors->handle(Object(Illuminate/Http/Request), Object(Closure))
#36 D:/PROJECT/SKRIPSI ORANG/vitra-skripsi-laravel-fixed/vendor/laravel/framework/src/Illuminate/Http/Middleware/TrustProxies.php(58): Illuminate/Pipeline/Pipeline->Illuminate/Pipeline/{closure}(Object(Illuminate/Http/Request))
#37 D:/PROJECT/SKRIPSI ORANG/vitra-skripsi-laravel-fixed/vendor/laravel/framework/src/Illuminate/Pipeline/Pipeline.php(219): Illuminate/Http/Middleware/TrustProxies->handle(Object(Illuminate/Http/Request), Object(Closure))
#38 D:/PROJECT/SKRIPSI ORANG/vitra-skripsi-laravel-fixed/vendor/laravel/framework/src/Illuminate/Foundation/Http/Middleware/InvokeDeferredCallbacks.php(22): Illuminate/Pipeline/Pipeline->Illuminate/Pipeline/{closure}(Object(Illuminate/Http/Request))
#39 D:/PROJECT/SKRIPSI ORANG/vitra-skripsi-laravel-fixed/vendor/laravel/framework/src/Illuminate/Pipeline/Pipeline.php(219): Illuminate/Foundation/Http/Middleware/InvokeDeferredCallbacks->handle(Object(Illuminate/Http/Request), Object(Closure))
#40 D:/PROJECT/SKRIPSI ORANG/vitra-skripsi-laravel-fixed/vendor/laravel/framework/src/Illuminate/Http/Middleware/ValidatePathEncoding.php(26): Illuminate/Pipeline/Pipeline->Illuminate/Pipeline/{closure}(Object(Illuminate/Http/Request))
#41 D:/PROJECT/SKRIPSI ORANG/vitra-skripsi-laravel-fixed/vendor/laravel/framework/src/Illuminate/Pipeline/Pipeline.php(219): Illuminate/Http/Middleware/ValidatePathEncoding->handle(Object(Illuminate/Http/Request), Object(Closure))
#42 D:/PROJECT/SKRIPSI ORANG/vitra-skripsi-laravel-fixed/vendor/laravel/framework/src/Illuminate/Pipeline/Pipeline.php(137): Illuminate/Pipeline/Pipeline->Illuminate/Pipeline/{closure}(Object(Illuminate/Http/Request))
#43 D:/PROJECT/SKRIPSI ORANG/vitra-skripsi-laravel-fixed/vendor/laravel/framework/src/Illuminate/Foundation/Http/Kernel.php(175): Illuminate/Pipeline/Pipeline->then(Object(Closure))
#44 D:/PROJECT/SKRIPSI ORANG/vitra-skripsi-laravel-fixed/vendor/laravel/framework/src/Illuminate/Foundation/Http/Kernel.php(144): Illuminate/Foundation/Http/Kernel->sendRequestThroughRouter(Object(Illuminate/Http/Request))
#45 D:/PROJECT/SKRIPSI ORANG/vitra-skripsi-laravel-fixed/vendor/laravel/framework/src/Illuminate/Foundation/Application.php(1220): Illuminate/Foundation/Http/Kernel->handle(Object(Illuminate/Http/Request))
#46 D:/PROJECT/SKRIPSI ORANG/vitra-skripsi-laravel-fixed/public/index.php(17): Illuminate/Foundation/Application->handleRequest(Object(Illuminate/Http/Request))
#47 D:/PROJECT/SKRIPSI ORANG/vitra-skripsi-laravel-fixed/vendor/laravel/framework/src/Illuminate/Foundation/resources/server.php(23): require_once('D://PROJECT//SKRI...')
#48 {main}
"} 
[2026-06-06 00:04:52] local.ERROR: No application encryption key has been specified. {"exception":"[object] (Illuminate\\Encryption\\MissingAppKeyException(code: 0): No application encryption key has been specified. at D:/PROJECT/SKRIPSI ORANG/vitra-skripsi-laravel-fixed/vendor/laravel/framework/src/Illuminate/Encryption/EncryptionServiceProvider.php:83)
[stacktrace]
#0 D:/PROJECT/SKRIPSI ORANG/vitra-skripsi-laravel-fixed/vendor/laravel/framework/src/Illuminate/Support/helpers.php(393): Illuminate/Encryption/EncryptionServiceProvider->Illuminate/Encryption/{closure}('')
#1 D:/PROJECT/SKRIPSI ORANG/vitra-skripsi-laravel-fixed/vendor/laravel/framework/src/Illuminate/Encryption/EncryptionServiceProvider.php(81): tap('', Object(Closure))
#2 D:/PROJECT/SKRIPSI ORANG/vitra-skripsi-laravel-fixed/vendor/laravel/framework/src/Illuminate/Encryption/EncryptionServiceProvider.php(64): Illuminate/Encryption/EncryptionServiceProvider->key(Array)
#3 D:/PROJECT/SKRIPSI ORANG/vitra-skripsi-laravel-fixed/vendor/laravel/framework/src/Illuminate/Encryption/EncryptionServiceProvider.php(32): Illuminate/Encryption/EncryptionServiceProvider->parseKey(Array)
#4 D:/PROJECT/SKRIPSI ORANG/vitra-skripsi-laravel-fixed/vendor/laravel/framework/src/Illuminate/Container/Container.php(1115): Illuminate/Encryption/EncryptionServiceProvider->Illuminate/Encryption/{closure}(Object(Illuminate/Foundation/Application), Array)
#5 D:/PROJECT/SKRIPSI ORANG/vitra-skripsi-laravel-fixed/vendor/laravel/framework/src/Illuminate/Container/Container.php(933): Illuminate/Container/Container->build(Object(Closure))
#6 D:/PROJECT/SKRIPSI ORANG/vitra-skripsi-laravel-fixed/vendor/laravel/framework/src/Illuminate/Foundation/Application.php(1078): Illuminate/Container/Container->resolve('encrypter', Array, true)
#7 D:/PROJECT/SKRIPSI ORANG/vitra-skripsi-laravel-fixed/vendor/laravel/framework/src/Illuminate/Container/Container.php(864): Illuminate/Foundation/Application->resolve('encrypter', Array)
#8 D:/PROJECT/SKRIPSI ORANG/vitra-skripsi-laravel-fixed/vendor/laravel/framework/src/Illuminate/Foundation/Application.php(1058): Illuminate/Container/Container->make('encrypter', Array)
#9 D:/PROJECT/SKRIPSI ORANG/vitra-skripsi-laravel-fixed/vendor/laravel/framework/src/Illuminate/Container/Container.php(1336): Illuminate/Foundation/Application->make('encrypter')
#10 D:/PROJECT/SKRIPSI ORANG/vitra-skripsi-laravel-fixed/vendor/laravel/framework/src/Illuminate/Container/Container.php(1237): Illuminate/Container/Container->resolveClass(Object(ReflectionParameter), 'Illuminate//Cont...')
#11 D:/PROJECT/SKRIPSI ORANG/vitra-skripsi-laravel-fixed/vendor/laravel/framework/src/Illuminate/Container/Container.php(1162): Illuminate/Container/Container->resolveDependencies(Array)
#12 D:/PROJECT/SKRIPSI ORANG/vitra-skripsi-laravel-fixed/vendor/laravel/framework/src/Illuminate/Container/Container.php(933): Illuminate/Container/Container->build('Illuminate//Cook...')
#13 D:/PROJECT/SKRIPSI ORANG/vitra-skripsi-laravel-fixed/vendor/laravel/framework/src/Illuminate/Foundation/Application.php(1078): Illuminate/Container/Container->resolve('Illuminate//Cook...', Array, true)
#14 D:/PROJECT/SKRIPSI ORANG/vitra-skripsi-laravel-fixed/vendor/laravel/framework/src/Illuminate/Container/Container.php(864): Illuminate/Foundation/Application->resolve('Illuminate//Cook...', Array)
#15 D:/PROJECT/SKRIPSI ORANG/vitra-skripsi-laravel-fixed/vendor/laravel/framework/src/Illuminate/Foundation/Application.php(1058): Illuminate/Container/Container->make('Illuminate//Cook...', Array)
#16 D:/PROJECT/SKRIPSI ORANG/vitra-skripsi-laravel-fixed/vendor/laravel/framework/src/Illuminate/Foundation/Http/Kernel.php(257): Illuminate/Foundation/Application->make('Illuminate//Cook...')
#17 D:/PROJECT/SKRIPSI ORANG/vitra-skripsi-laravel-fixed/vendor/laravel/framework/src/Illuminate/Foundation/Http/Kernel.php(215): Illuminate/Foundation/Http/Kernel->terminateMiddleware(Object(Illuminate/Http/Request), Object(Illuminate/Http/Response))
#18 D:/PROJECT/SKRIPSI ORANG/vitra-skripsi-laravel-fixed/vendor/laravel/framework/src/Illuminate/Foundation/Application.php(1222): Illuminate/Foundation/Http/Kernel->terminate(Object(Illuminate/Http/Request), Object(Illuminate/Http/Response))
#19 D:/PROJECT/SKRIPSI ORANG/vitra-skripsi-laravel-fixed/public/index.php(17): Illuminate/Foundation/Application->handleRequest(Object(Illuminate/Http/Request))
#20 D:/PROJECT/SKRIPSI ORANG/vitra-skripsi-laravel-fixed/vendor/laravel/framework/src/Illuminate/Foundation/resources/server.php(23): require_once('D://PROJECT//SKRI...')
#21 {main}
"} 
[2026-06-06 00:22:49] local.ERROR: Class "DOMDocument" not found {"exception":"[object] (Error(code: 0): Class \"DOMDocument\" not found at /mnt/data/vitra_work/vitra-skripsi-laravel-fixed/vendor/nunomaduro/termwind/src/HtmlRenderer.php:32)
[stacktrace]
#0 /mnt/data/vitra_work/vitra-skripsi-laravel-fixed/vendor/nunomaduro/termwind/src/HtmlRenderer.php(24): Termwind\\HtmlRenderer->parse()
#1 /mnt/data/vitra_work/vitra-skripsi-laravel-fixed/vendor/nunomaduro/termwind/src/Functions.php(41): Termwind\\HtmlRenderer->render()
#2 /mnt/data/vitra_work/vitra-skripsi-laravel-fixed/vendor/laravel/framework/src/Illuminate/Console/View/Components/Component.php(51): Termwind\\render()
#3 /mnt/data/vitra_work/vitra-skripsi-laravel-fixed/vendor/laravel/framework/src/Illuminate/Console/View/Components/Line.php(54): Illuminate\\Console\\View\\Components\\Component->renderView()
#4 /mnt/data/vitra_work/vitra-skripsi-laravel-fixed/vendor/laravel/framework/src/Illuminate/Console/View/Components/Info.php(18): Illuminate\\Console\\View\\Components\\Line->render()
#5 /mnt/data/vitra_work/vitra-skripsi-laravel-fixed/vendor/laravel/framework/src/Illuminate/Console/View/Components/Factory.php(59): Illuminate\\Console\\View\\Components\\Info->render()
#6 /mnt/data/vitra_work/vitra-skripsi-laravel-fixed/vendor/laravel/framework/src/Illuminate/Foundation/Console/ViewClearCommand.php(73): Illuminate\\Console\\View\\Components\\Factory->__call()
#7 /mnt/data/vitra_work/vitra-skripsi-laravel-fixed/vendor/laravel/framework/src/Illuminate/Container/BoundMethod.php(36): Illuminate\\Foundation\\Console\\ViewClearCommand->handle()
#8 /mnt/data/vitra_work/vitra-skripsi-laravel-fixed/vendor/laravel/framework/src/Illuminate/Container/Util.php(43): Illuminate\\Container\\BoundMethod::{closure:Illuminate\\Container\\BoundMethod::call():35}()
#9 /mnt/data/vitra_work/vitra-skripsi-laravel-fixed/vendor/laravel/framework/src/Illuminate/Container/BoundMethod.php(96): Illuminate\\Container\\Util::unwrapIfClosure()
#10 /mnt/data/vitra_work/vitra-skripsi-laravel-fixed/vendor/laravel/framework/src/Illuminate/Container/BoundMethod.php(35): Illuminate\\Container\\BoundMethod::callBoundMethod()
#11 /mnt/data/vitra_work/vitra-skripsi-laravel-fixed/vendor/laravel/framework/src/Illuminate/Container/Container.php(799): Illuminate\\Container\\BoundMethod::call()
#12 /mnt/data/vitra_work/vitra-skripsi-laravel-fixed/vendor/laravel/framework/src/Illuminate/Console/Command.php(211): Illuminate\\Container\\Container->call()
#13 /mnt/data/vitra_work/vitra-skripsi-laravel-fixed/vendor/symfony/console/Command/Command.php(341): Illuminate\\Console\\Command->execute()
#14 /mnt/data/vitra_work/vitra-skripsi-laravel-fixed/vendor/laravel/framework/src/Illuminate/Console/Command.php(180): Symfony\\Component\\Console\\Command\\Command->run()
#15 /mnt/data/vitra_work/vitra-skripsi-laravel-fixed/vendor/symfony/console/Application.php(1117): Illuminate\\Console\\Command->run()
#16 /mnt/data/vitra_work/vitra-skripsi-laravel-fixed/vendor/symfony/console/Application.php(356): Symfony\\Component\\Console\\Application->doRunCommand()
#17 /mnt/data/vitra_work/vitra-skripsi-laravel-fixed/vendor/symfony/console/Application.php(195): Symfony\\Component\\Console\\Application->doRun()
#18 /mnt/data/vitra_work/vitra-skripsi-laravel-fixed/vendor/laravel/framework/src/Illuminate/Foundation/Console/Kernel.php(198): Symfony\\Component\\Console\\Application->run()
#19 /mnt/data/vitra_work/vitra-skripsi-laravel-fixed/vendor/laravel/framework/src/Illuminate/Foundation/Application.php(1235): Illuminate\\Foundation\\Console\\Kernel->handle()
#20 /mnt/data/vitra_work/vitra-skripsi-laravel-fixed/artisan(7): Illuminate\\Foundation\\Application->handleCommand()
#21 {main}
"} 
[2026-06-06 08:18:25] local.ERROR: Class "DOMDocument" not found {"exception":"[object] (Error(code: 0): Class \"DOMDocument\" not found at /mnt/data/proj/vitra-skripsi-laravel-fixed/vendor/nunomaduro/termwind/src/HtmlRenderer.php:32)
[stacktrace]
#0 /mnt/data/proj/vitra-skripsi-laravel-fixed/vendor/nunomaduro/termwind/src/HtmlRenderer.php(24): Termwind\\HtmlRenderer->parse()
#1 /mnt/data/proj/vitra-skripsi-laravel-fixed/vendor/nunomaduro/termwind/src/Functions.php(41): Termwind\\HtmlRenderer->render()
#2 /mnt/data/proj/vitra-skripsi-laravel-fixed/vendor/laravel/framework/src/Illuminate/Console/View/Components/Component.php(51): Termwind\\render()
#3 /mnt/data/proj/vitra-skripsi-laravel-fixed/vendor/laravel/framework/src/Illuminate/Console/View/Components/Line.php(54): Illuminate\\Console\\View\\Components\\Component->renderView()
#4 /mnt/data/proj/vitra-skripsi-laravel-fixed/vendor/laravel/framework/src/Illuminate/Console/View/Components/Info.php(18): Illuminate\\Console\\View\\Components\\Line->render()
#5 /mnt/data/proj/vitra-skripsi-laravel-fixed/vendor/laravel/framework/src/Illuminate/Console/View/Components/Factory.php(59): Illuminate\\Console\\View\\Components\\Info->render()
#6 /mnt/data/proj/vitra-skripsi-laravel-fixed/vendor/laravel/framework/src/Illuminate/Foundation/Console/ViewClearCommand.php(73): Illuminate\\Console\\View\\Components\\Factory->__call()
#7 /mnt/data/proj/vitra-skripsi-laravel-fixed/vendor/laravel/framework/src/Illuminate/Container/BoundMethod.php(36): Illuminate\\Foundation\\Console\\ViewClearCommand->handle()
#8 /mnt/data/proj/vitra-skripsi-laravel-fixed/vendor/laravel/framework/src/Illuminate/Container/Util.php(43): Illuminate\\Container\\BoundMethod::{closure:Illuminate\\Container\\BoundMethod::call():35}()
#9 /mnt/data/proj/vitra-skripsi-laravel-fixed/vendor/laravel/framework/src/Illuminate/Container/BoundMethod.php(96): Illuminate\\Container\\Util::unwrapIfClosure()
#10 /mnt/data/proj/vitra-skripsi-laravel-fixed/vendor/laravel/framework/src/Illuminate/Container/BoundMethod.php(35): Illuminate\\Container\\BoundMethod::callBoundMethod()
#11 /mnt/data/proj/vitra-skripsi-laravel-fixed/vendor/laravel/framework/src/Illuminate/Container/Container.php(799): Illuminate\\Container\\BoundMethod::call()
#12 /mnt/data/proj/vitra-skripsi-laravel-fixed/vendor/laravel/framework/src/Illuminate/Console/Command.php(211): Illuminate\\Container\\Container->call()
#13 /mnt/data/proj/vitra-skripsi-laravel-fixed/vendor/symfony/console/Command/Command.php(341): Illuminate\\Console\\Command->execute()
#14 /mnt/data/proj/vitra-skripsi-laravel-fixed/vendor/laravel/framework/src/Illuminate/Console/Command.php(180): Symfony\\Component\\Console\\Command\\Command->run()
#15 /mnt/data/proj/vitra-skripsi-laravel-fixed/vendor/symfony/console/Application.php(1117): Illuminate\\Console\\Command->run()
#16 /mnt/data/proj/vitra-skripsi-laravel-fixed/vendor/symfony/console/Application.php(356): Symfony\\Component\\Console\\Application->doRunCommand()
#17 /mnt/data/proj/vitra-skripsi-laravel-fixed/vendor/symfony/console/Application.php(195): Symfony\\Component\\Console\\Application->doRun()
#18 /mnt/data/proj/vitra-skripsi-laravel-fixed/vendor/laravel/framework/src/Illuminate/Foundation/Console/Kernel.php(198): Symfony\\Component\\Console\\Application->run()
#19 /mnt/data/proj/vitra-skripsi-laravel-fixed/vendor/laravel/framework/src/Illuminate/Foundation/Application.php(1235): Illuminate\\Foundation\\Console\\Kernel->handle()
#20 /mnt/data/proj/vitra-skripsi-laravel-fixed/artisan(7): Illuminate\\Foundation\\Application->handleCommand()
#21 {main}
"} 
